<?xml version="1.0" encoding="UTF-8" ?>
<testsuite tests="1" failures="0" name="com.ming.JacksonTest" time="0.463" errors="0" skipped="0">
  <properties>
    <property name="idea.version" value="2018.1.5"/>
    <property name="java.runtime.name" value="OpenJDK Runtime Environment"/>
    <property name="sun.boot.library.path" value="F:\javaruanjian\ideaIU-2018\jre64\bin"/>
    <property name="java.vm.version" value="25.152-b39"/>
    <property name="java.vm.vendor" value="JetBrains s.r.o"/>
    <property name="maven.multiModuleProjectDirectory" value="F:\javacode\myblogdemo_01"/>
    <property name="java.vendor.url" value="https://www.jetbrains.com/"/>
    <property name="path.separator" value=";"/>
    <property name="guice.disable.misplaced.annotation.check" value="true"/>
    <property name="java.vm.name" value="OpenJDK 64-Bit Server VM"/>
    <property name="file.encoding.pkg" value="sun.io"/>
    <property name="user.script" value=""/>
    <property name="user.country" value="CN"/>
    <property name="sun.java.launcher" value="SUN_STANDARD"/>
    <property name="sun.os.patch.level" value=""/>
    <property name="java.vm.specification.name" value="Java Virtual Machine Specification"/>
    <property name="user.dir" value="F:\javacode\myblogdemo_01"/>
    <property name="java.runtime.version" value="1.8.0_152-release-1136-b39"/>
    <property name="java.awt.graphicsenv" value="sun.awt.Win32GraphicsEnvironment"/>
    <property name="java.endorsed.dirs" value="F:\javaruanjian\ideaIU-2018\jre64\lib\endorsed"/>
    <property name="os.arch" value="amd64"/>
    <property name="java.io.tmpdir" value="C:\Users\wang\AppData\Local\Temp\"/>
    <property name="line.separator" value="
"/>
    <property name="java.vm.specification.vendor" value="Oracle Corporation"/>
    <property name="user.variant" value=""/>
    <property name="os.name" value="Windows 10"/>
    <property name="classworlds.conf" value="E:\maven\apache-maven-3.6.1\bin\m2.conf"/>
    <property name="sun.jnu.encoding" value="GBK"/>
    <property name="java.library.path" value="F:\javaruanjian\ideaIU-2018\jre64\bin;C:\WINDOWS\Sun\Java\bin;C:\WINDOWS\system32;C:\WINDOWS;C:\Users\wang\AppData\Local\Programs\Python\Python37-32;%SystemRoot%\system32;%SystemRoot%;%SystemRoot%\System32\Wbem;%SYSTEMROOT%\System32\WindowsPowerShell\v1.0\;%SYSTEMROOT%\System32\OpenSSH\;C:\Users\wang\AppData\Local\Microsoft\WindowsApps;;F:\PyCharm Community Edition 2018.3\bin;;E:\VS Code\bin;."/>
    <property name="maven.conf" value="E:\maven\apache-maven-3.6.1/conf"/>
    <property name="java.specification.name" value="Java Platform API Specification"/>
    <property name="java.class.version" value="52.0"/>
    <property name="sun.management.compiler" value="HotSpot 64-Bit Tiered Compilers"/>
    <property name="maven.repo.local" value="E:\maven\mvn_local_repository"/>
    <property name="os.version" value="10.0"/>
    <property name="user.home" value="C:\Users\wang"/>
    <property name="user.timezone" value="Asia/Shanghai"/>
    <property name="java.awt.printerjob" value="sun.awt.windows.WPrinterJob"/>
    <property name="java.specification.version" value="1.8"/>
    <property name="file.encoding" value="UTF-8"/>
    <property name="user.name" value="wang"/>
    <property name="java.class.path" value="E:\maven\apache-maven-3.6.1\boot\plexus-classworlds-2.6.0.jar;F:\javaruanjian\ideaIU-2018\lib\idea_rt.jar"/>
    <property name="java.vm.specification.version" value="1.8"/>
    <property name="sun.arch.data.model" value="64"/>
    <property name="java.home" value="F:\javaruanjian\ideaIU-2018\jre64"/>
    <property name="sun.java.command" value="org.codehaus.classworlds.Launcher -Didea.version=2018.1.5 -s E:\maven\apache-maven-3.6.1\conf\settings.xml -Dmaven.repo.local=E:\maven\mvn_local_repository package -f pom.xml"/>
    <property name="java.specification.vendor" value="Oracle Corporation"/>
    <property name="user.language" value="zh"/>
    <property name="awt.toolkit" value="sun.awt.windows.WToolkit"/>
    <property name="java.vm.info" value="mixed mode"/>
    <property name="java.version" value="1.8.0_152-release"/>
    <property name="java.ext.dirs" value="F:\javaruanjian\ideaIU-2018\jre64\lib\ext;C:\WINDOWS\Sun\Java\lib\ext"/>
    <property name="sun.boot.class.path" value="F:\javaruanjian\ideaIU-2018\jre64\lib\resources.jar;F:\javaruanjian\ideaIU-2018\jre64\lib\rt.jar;F:\javaruanjian\ideaIU-2018\jre64\lib\sunrsasign.jar;F:\javaruanjian\ideaIU-2018\jre64\lib\jsse.jar;F:\javaruanjian\ideaIU-2018\jre64\lib\jce.jar;F:\javaruanjian\ideaIU-2018\jre64\lib\charsets.jar;F:\javaruanjian\ideaIU-2018\jre64\lib\jfr.jar;F:\javaruanjian\ideaIU-2018\jre64\classes"/>
    <property name="java.vendor" value="JetBrains s.r.o"/>
    <property name="maven.home" value="E:\maven\apache-maven-3.6.1"/>
    <property name="file.separator" value="\"/>
    <property name="java.vendor.url.bug" value="https://youtrack.jetbrains.com"/>
    <property name="sun.cpu.endian" value="little"/>
    <property name="sun.io.unicode.encoding" value="UnicodeLittle"/>
    <property name="sun.desktop" value="windows"/>
    <property name="sun.cpu.isalist" value="amd64"/>
  </properties>
  <testcase classname="com.ming.JacksonTest" name="testJackson" time="0.463"/>
</testsuite>